[INFO] - Logged in as AUN#5653!
[INFO] - Posted stats to top.gg
[INFO] - Posted stats to top.gg
[INFO] - Posted stats to top.gg
[INFO] - 720874622379360276 joined Eizu E-Sports
[INFO] - Posted stats to top.gg
[INFO] - 735902775116038155 joined Eizu E-Sports
[INFO] - Posted stats to top.gg
[INFO] - Posted stats to top.gg
[INFO] - Posted stats to top.gg
[INFO] - 767415491090055169 joined Eizu E-Sports
[INFO] - 767415491090055169 left Eizu E-Sports
[INFO] - Posted stats to top.gg
[INFO] - 796371767038967828 joined Team Leader
[INFO] - 796371767038967828 left Team Leader
[INFO] - 796371767038967828 joined FineCrafted
[INFO] - 796371767038967828 left FineCrafted
[INFO] - 796371767038967828 joined EndAnarchy
[INFO] - 796371767038967828 left EndAnarchy
[INFO] - Posted stats to top.gg
[INFO] - 438716874042376212 joined FineCrafted
[INFO] - 438716874042376212 left FineCrafted
[INFO] - Posted stats to top.gg
[INFO] - Posted stats to top.gg
[INFO] - Posted stats to top.gg
[INFO] - 819887910446563349 joined Eizu E-Sports
[INFO] - 674591761108041748 joined EndAnarchy
[INFO] - Posted stats to top.gg
[INFO] - 709013882835959902 joined EndAnarchy
[INFO] - Posted stats to top.gg
[INFO] - 761565362353209375 joined EndAnarchy
[INFO] - Posted stats to top.gg
[INFO] - Posted stats to top.gg
[INFO] - 811420244820099082 joined ~MAUT/\ KA/\ KHELA~
[INFO] - Posted stats to top.gg
[INFO] - 797404061959585792 joined EndAnarchy
[INFO] - 659150457020612608 joined EndAnarchy
[INFO] - Posted stats to top.gg
[INFO] - 768417684445462528 joined EndAnarchy
[INFO] - Posted stats to top.gg
[INFO] - Logged in as AUN#5653!
[INFO] - /------BUG 37151|588686932918403072 BUG------\
[INFO] - Logged in as AUN#5653!
[INFO] - Logged in as AUN#5653!
[INFO] - /------BUG 12961|588686932918403072 BUG------\
[INFO] - Logged in as AUN#5653!
[INFO] - Logged in as AUN#5653!
[INFO] - /------BUG 388098|588686932918403072 BUG------\
[INFO] - 769476766090657794 joined EndAnarchy
[INFO] - Logged in as AUN#5653!
[INFO] - 820716549471338498 joined Eizu E-Sports
[INFO] - Logged in as AUN#5653!
[INFO] - Posted stats to top.gg
[INFO] - Posted stats to top.gg
[INFO] - eizPIHU 🔥 left Eizu E-Sports
[INFO] - Posted stats to top.gg
[INFO] - FaridBroLMN Bot left BitBot Support
[INFO] - FaridBroLMN Bot left Giweaway Tracker
[INFO] - Posted stats to top.gg
[INFO] - Milcek08(2) joined EndAnarchy
[INFO] - ॐगाँजाOP joined Eizu E-Sports
[INFO] - Posted stats to top.gg
[INFO] - Help requested in  Coding World
[INFO] - Eizu ErroR joined Eizu E-Sports
[INFO] - Eizu ErroR left Eizu E-Sports
[INFO] - 𝐃𝐇 廴𝐹𝑊 么 гเקקєr乛ᵘⁿᵛ`ᵀᵃᶜᴾ left Eizu E-Sports
[INFO] - Posted stats to top.gg
[INFO] - '    ΉΣX 𒆜༄N𝙾𝙱𝙸𝚃À࿐🥀 joined Eizu E-Sports
[INFO] - Aakmun joined Eizu E-Sports
[INFO] - Aakmun left Eizu E-Sports
[INFO] - Logged in as AUN#5653!
[INFO] - Posted stats to top.gg
[INFO] - Posted stats to top.gg
[INFO] - RedRagon_Mark joined Giweaway Tracker
[INFO] - Posted stats to top.gg
[INFO] - Posted stats to top.gg
[INFO] - Posted stats to top.gg
[INFO] - Posted stats to top.gg
[INFO] - Posted stats to top.gg
[INFO] - HLTV News left Awsomevids studio’s
[INFO] - ProMaster ✨ left Awsomevids studio’s
[INFO] - Posted stats to top.gg
[INFO] - Posted stats to top.gg
[INFO] - Posted stats to top.gg
[INFO] - Zephyr joined Awsomevids studio’s
[INFO] - Posted stats to top.gg
[INFO] - Posted stats to top.gg
[INFO] - Martinbor joined Team Leader
[INFO] - wata joined ~MAUT/\ KA/\ KHELA~
[INFO] - wata left ~MAUT/\ KA/\ KHELA~
[INFO] - Posted stats to top.gg
[INFO] - Help requested in  Coding World
[INFO] - Posted stats to top.gg
[INFO] - Help requested in  Bots Testing
[INFO] - Logged in as AUN#5653!
[INFO] - Help requested in  Bots Testing
[INFO] - counting joined AUN Support Server
[INFO] - MailIt | DM for support left AUN Support Server
[INFO] - Rakan Adityaツ joined Eizu E-Sports
[INFO] - Rakan Adityaツ left Eizu E-Sports
[INFO] - Posted stats to top.gg
[INFO] - Logged in as AUN#5653!
[INFO] - Logged in as AUN#5653!
[INFO] - Help requested in  AUN Support Server
[INFO] - Logged in as AUN#5653!
[INFO] - Help requested in  AUN Support Server
[INFO] - Help requested in  AUN Support Server
[INFO] - Help requested in  AUN Support Server
[INFO] - AUN Support Server wanted info
[INFO] - Changed language in AUN Support Server
[INFO] - AUN Support Server wanted info
[INFO] - Help requested in  AUN Support Server
[INFO] - Help requested in  AUN Support Server
[INFO] - Bug reported by Abdullah1o1#2841
[INFO] - /------BUG 456962|719452517372526602 BUG------\
[WARN] - /------BUG 456962|719452517372526602 BUG------\
[ERROR] - /------BUG 456962|719452517372526602 BUG------\
[INFO] - Logged in as AUN#5653!
[INFO] - Crazy Bot Support Server wants premium
[INFO] - Help requested in  Coding World
[INFO] - Set prefix to . in Coding World
[INFO] - Posted stats to top.gg
[INFO] - fllixi joined Team Leader
[INFO] - Posted stats to top.gg
[INFO] - nikdo joined Team Leader
[INFO] - nikdo left Team Leader
[INFO] - Logged in as AUN#5653!
[INFO] - Logged in as AUN#5653!
[INFO] - Logged in as AUN#5653!
[INFO] - Logged in as AUN#5653!
[INFO] - SamuelB10 left Team Leader
[INFO] - r/ModMail left BitBot Support
[INFO] - Cosmos left BitBot Support
[INFO] - LucaasFS left BitBot Support
[INFO] - Matesysko joined Team Leader
[INFO] - Matesysko left Team Leader
[INFO] - Logged in as AUN#5653!
[INFO] - ⍱ öldü joined Eizu E-Sports
[INFO] - Logged in as AUN#5653!
[INFO] - Help requested in  AUN Support Server
[INFO] - Help requested in  AUN Support Server
[INFO] - Logged in as AUN#5653!
[INFO] - Logged in as AUN#5653!
[INFO] - Logged in as AUN#5653!
[INFO] - AUN Support Server wanted info
[INFO] - Help requested in  AUN Support Server
[INFO] - Help requested in  AUN Support Server
[INFO] - geraminium xd joined Team Leader
[INFO] - Gzykks joined Team Leader
[INFO] - Vision joined BitBot Support
[INFO] - Logged in as AUN#5653!
[INFO] - AUN Support Server wants premium
[INFO] - Logged in as AUN#5653!
[INFO] - d ket joined EndAnarchy
[INFO] - David.uh joined EndAnarchy
[INFO] - Logged in as AUN#5653!
[INFO] - Logged in as AUN#5653!
[INFO] - RΛKΣR †ⱽˣ joined Eizu E-Sports
[INFO] - Posted stats to top.gg
